<?xml version="1.0" encoding="UTF-8"?>
<testng-results ignored="0" total="0" passed="0" failed="0" skipped="0">
  <reporter-output>
  </reporter-output>
  <suite started-at="2024-12-09T05:26:02 IST" name="Suite" finished-at="2024-12-09T05:26:02 IST" duration-ms="89">
    <groups>
    </groups>
    <test started-at="2024-12-09T05:26:02 IST" name="Test1" finished-at="2024-12-09T05:26:02 IST" duration-ms="8">
    </test> <!-- Test1 -->
    <test started-at="2024-12-09T05:26:02 IST" name="Test2" finished-at="2024-12-09T05:26:02 IST" duration-ms="1">
    </test> <!-- Test2 -->
  </suite> <!-- Suite -->
</testng-results>
